<?xml version="1.0" encoding="UTF-8"?>
<testsuite xmlns:xsi="http://www.w3.org/2001/XMLSchema-instance" xsi:noNamespaceSchemaLocation="https://maven.apache.org/surefire/maven-surefire-plugin/xsd/surefire-test-report.xsd" version="3.0.2" name="io.apicurio.datamodels.refs.DereferenceTest" time="0.06" tests="26" errors="0" skipped="0" failures="0" flakes="0">
  <properties>
[...]
</properties>
  <testcase name="[OpenAPI 2] No Changes 1" classname="io.apicurio.datamodels.refs.DereferenceTest" time="0.002"/>
  <testcase name="[OpenAPI 2] No Changes 2" classname="io.apicurio.datamodels.refs.DereferenceTest" time="0.0"/>
  <testcase name="[OpenAPI 2] Kitchen Sink" classname="io.apicurio.datamodels.refs.DereferenceTest" time="0.003"/>
  <testcase name="[OpenAPI 3] No Changes Self Reference" classname="io.apicurio.datamodels.refs.DereferenceTest" time="0.001"/>
  <testcase name="[OpenAPI 3] Address Reference" classname="io.apicurio.datamodels.refs.DereferenceTest" time="0.001"/>
  <testcase name="[OpenAPI 3] Person Reference" classname="io.apicurio.datamodels.refs.DereferenceTest" time="0.0"/>
  <testcase name="[OpenAPI 3] Person And Address" classname="io.apicurio.datamodels.refs.DereferenceTest" time="0.0"/>
  <testcase name="[OpenAPI 3] Person With Address" classname="io.apicurio.datamodels.refs.DereferenceTest" time="0.001"/>
  <testcase name="[OpenAPI 3] Person With Address and Spouse" classname="io.apicurio.datamodels.refs.DereferenceTest" time="0.0"/>
  <testcase name="[OpenAPI 3] Person With Relative Address And Spouse" classname="io.apicurio.datamodels.refs.DereferenceTest" time="0.001"/>
  <testcase name="[OpenAPI 3] Item With Local Widget" classname="io.apicurio.datamodels.refs.DereferenceTest" time="0.0"/>
  <testcase name="[OpenAPI 3] Person and Person" classname="io.apicurio.datamodels.refs.DereferenceTest" time="0.001"/>
  <testcase name="[OpenAPI 3] Response" classname="io.apicurio.datamodels.refs.DereferenceTest" time="0.0"/>
  <testcase name="[OpenAPI 3] Self Reference Widget" classname="io.apicurio.datamodels.refs.DereferenceTest" time="0.001"/>
  <testcase name="[OpenAPI 3] Multi-Reference 1" classname="io.apicurio.datamodels.refs.DereferenceTest" time="0.0"/>
  <testcase name="[OpenAPI 3] Kitchen Sink" classname="io.apicurio.datamodels.refs.DereferenceTest" time="0.002"/>
  <testcase name="[AsyncAPI 2] Kitchen Sink" classname="io.apicurio.datamodels.refs.DereferenceTest" time="0.019"/>
  <testcase name="[OpenAPI 3] Domino API (Issue 1366)" classname="io.apicurio.datamodels.refs.DereferenceTest" time="0.022"/>
  <testcase name="[OpenAPI 3] 3-level Dereference (Issue 1366)" classname="io.apicurio.datamodels.refs.DereferenceTest" time="0.001"/>
  <testcase name="[OpenAPI 3] Inlined Path Item" classname="io.apicurio.datamodels.refs.DereferenceTest" time="0.001"/>
  <testcase name="[AsyncAPI 3] Avro Schema Reference" classname="io.apicurio.datamodels.refs.DereferenceTest" time="0.001"/>
  <testcase name="[AsyncAPI 3] Protobuf Schema Reference" classname="io.apicurio.datamodels.refs.DereferenceTest" time="0.0"/>
  <testcase name="[AsyncAPI 3] JSON Schema Reference" classname="io.apicurio.datamodels.refs.DereferenceTest" time="0.001"/>
  <testcase name="[AsyncAPI 3] Channel Reference" classname="io.apicurio.datamodels.refs.DereferenceTest" time="0.001"/>
  <testcase name="[AsyncAPI 3] Server Reference" classname="io.apicurio.datamodels.refs.DereferenceTest" time="0.0"/>
  <testcase name="[OpenAPI 3] Protobuf Schema Reference (Unsupported)" classname="io.apicurio.datamodels.refs.DereferenceTest" time="0.0"/>
</testsuite>