<?xml version="1.0" encoding="UTF-8"?>
<testsuite xmlns:xsi="http://www.w3.org/2001/XMLSchema-instance" xsi:noNamespaceSchemaLocation="https://maven.apache.org/surefire/maven-surefire-plugin/xsd/surefire-test-report.xsd" version="3.0.2" name="io.apicurio.datamodels.cmd.CommandMarshallTest" time="0.177" tests="187" errors="0" skipped="0" failures="0" flakes="0">
  <properties>
[...]
</properties>
  <testcase name="testMarshallRoundTrip[[OpenAPI 2] {Change Property} - Add Property]" classname="io.apicurio.datamodels.cmd.CommandMarshallTest" time="0.017"/>
  <testcase name="testMarshallRoundTrip[[OpenAPI 2] {Change Property} - Change Property]" classname="io.apicurio.datamodels.cmd.CommandMarshallTest" time="0.001"/>
  <testcase name="testMarshallRoundTrip[[OpenAPI 3] {Change Property} - Add Property]" classname="io.apicurio.datamodels.cmd.CommandMarshallTest" time="0.0"/>
  <testcase name="testMarshallRoundTrip[[OpenAPI 3] {Change Property} - Change Property]" classname="io.apicurio.datamodels.cmd.CommandMarshallTest" time="0.001"/>
  <testcase name="testMarshallRoundTrip[[AsyncAPI 2] {Change Property} - Change $ref]" classname="io.apicurio.datamodels.cmd.CommandMarshallTest" time="0.0"/>
  <testcase name="testMarshallRoundTrip[[OpenAPI 2] {Change Description} - Add Description]" classname="io.apicurio.datamodels.cmd.CommandMarshallTest" time="0.003"/>
  <testcase name="testMarshallRoundTrip[[OpenAPI 2] {Change Description} - Change Description]" classname="io.apicurio.datamodels.cmd.CommandMarshallTest" time="0.001"/>
  <testcase name="testMarshallRoundTrip[[OpenAPI 3] {Change Description} - Add Description]" classname="io.apicurio.datamodels.cmd.CommandMarshallTest" time="0.0"/>
  <testcase name="testMarshallRoundTrip[[OpenAPI 3] {Change Description} - Change Description]" classname="io.apicurio.datamodels.cmd.CommandMarshallTest" time="0.0"/>
  <testcase name="testMarshallRoundTrip[[OpenAPI 2] {Change Title} - Add Title]" classname="io.apicurio.datamodels.cmd.CommandMarshallTest" time="0.002"/>
  <testcase name="testMarshallRoundTrip[[OpenAPI 2] {Change Title} - Change Title]" classname="io.apicurio.datamodels.cmd.CommandMarshallTest" time="0.0"/>
  <testcase name="testMarshallRoundTrip[[OpenAPI 3] {Change Title} - Add Title]" classname="io.apicurio.datamodels.cmd.CommandMarshallTest" time="0.0"/>
  <testcase name="testMarshallRoundTrip[[OpenAPI 3] {Change Title} - Change Title]" classname="io.apicurio.datamodels.cmd.CommandMarshallTest" time="0.001"/>
  <testcase name="testMarshallRoundTrip[[OpenAPI 2] {Change Version} - Add Version]" classname="io.apicurio.datamodels.cmd.CommandMarshallTest" time="0.001"/>
  <testcase name="testMarshallRoundTrip[[OpenAPI 2] {Change Version} - Change Version]" classname="io.apicurio.datamodels.cmd.CommandMarshallTest" time="0.0"/>
  <testcase name="testMarshallRoundTrip[[OpenAPI 3] {Change Version} - Add Version]" classname="io.apicurio.datamodels.cmd.CommandMarshallTest" time="0.001"/>
  <testcase name="testMarshallRoundTrip[[OpenAPI 3] {Change Version} - Change Version]" classname="io.apicurio.datamodels.cmd.CommandMarshallTest" time="0.0"/>
  <testcase name="testMarshallRoundTrip[[OpenAPI 2] {Change Contact Info} - Add Contact Info]" classname="io.apicurio.datamodels.cmd.CommandMarshallTest" time="0.002"/>
  <testcase name="testMarshallRoundTrip[[OpenAPI 2] {Change Contact Info} - Update Contact Info]" classname="io.apicurio.datamodels.cmd.CommandMarshallTest" time="0.0"/>
  <testcase name="testMarshallRoundTrip[[OpenAPI 3] {Change Contact Info} - Add Contact Info]" classname="io.apicurio.datamodels.cmd.CommandMarshallTest" time="0.0"/>
  <testcase name="testMarshallRoundTrip[[OpenAPI 3] {Change Contact Info} - Update Contact Info]" classname="io.apicurio.datamodels.cmd.CommandMarshallTest" time="0.001"/>
  <testcase name="testMarshallRoundTrip[[OpenAPI 2] {Change License} - Add License]" classname="io.apicurio.datamodels.cmd.CommandMarshallTest" time="0.001"/>
  <testcase name="testMarshallRoundTrip[[OpenAPI 2] {Change License} - Change License]" classname="io.apicurio.datamodels.cmd.CommandMarshallTest" time="0.001"/>
  <testcase name="testMarshallRoundTrip[[OpenAPI 3] {Change License} - Add License]" classname="io.apicurio.datamodels.cmd.CommandMarshallTest" time="0.0"/>
  <testcase name="testMarshallRoundTrip[[OpenAPI 3] {Change License} - Change License]" classname="io.apicurio.datamodels.cmd.CommandMarshallTest" time="0.0"/>
  <testcase name="testMarshallRoundTrip[[OpenAPI 3] {Set External Docs} - Set External Docs]" classname="io.apicurio.datamodels.cmd.CommandMarshallTest" time="0.002"/>
  <testcase name="testMarshallRoundTrip[[OpenAPI 3] {Set External Docs} - Update External Docs]" classname="io.apicurio.datamodels.cmd.CommandMarshallTest" time="0.0"/>
  <testcase name="testMarshallRoundTrip[[OpenAPI 2] {Delete License} - Delete License]" classname="io.apicurio.datamodels.cmd.CommandMarshallTest" time="0.002"/>
  <testcase name="testMarshallRoundTrip[[OpenAPI 3] {Delete License} - Delete License]" classname="io.apicurio.datamodels.cmd.CommandMarshallTest" time="0.0"/>
  <testcase name="testMarshallRoundTrip[[OpenAPI 2] {Delete Contact} - Delete Contact]" classname="io.apicurio.datamodels.cmd.CommandMarshallTest" time="0.001"/>
  <testcase name="testMarshallRoundTrip[[OpenAPI 3] {Delete Contact} - Delete Contact NA]" classname="io.apicurio.datamodels.cmd.CommandMarshallTest" time="0.0"/>
  <testcase name="testMarshallRoundTrip[[OpenAPI 3] {Delete Contact} - Delete Contact]" classname="io.apicurio.datamodels.cmd.CommandMarshallTest" time="0.001"/>
  <testcase name="testMarshallRoundTrip[[OpenAPI 2] {Delete Extension} - Delete Extension]" classname="io.apicurio.datamodels.cmd.CommandMarshallTest" time="0.002"/>
  <testcase name="testMarshallRoundTrip[[OpenAPI 3] {Delete Extension} - Delete Extension]" classname="io.apicurio.datamodels.cmd.CommandMarshallTest" time="0.0"/>
  <testcase name="testMarshallRoundTrip[[OpenAPI 3] {Delete Media Type} - Delete Media Type Request Body]" classname="io.apicurio.datamodels.cmd.CommandMarshallTest" time="0.002"/>
  <testcase name="testMarshallRoundTrip[[OpenAPI 3] {Delete Media Type} - Delete Media Type Response]" classname="io.apicurio.datamodels.cmd.CommandMarshallTest" time="0.0"/>
  <testcase name="testMarshallRoundTrip[[OpenAPI 3] {Delete All Child Schemas} - All Of]" classname="io.apicurio.datamodels.cmd.CommandMarshallTest" time="0.002"/>
  <testcase name="testMarshallRoundTrip[[OpenAPI 3] {Delete All Examples} - Delete All Examples]" classname="io.apicurio.datamodels.cmd.CommandMarshallTest" time="0.003"/>
  <testcase name="testMarshallRoundTrip[[OpenAPI 3] {Delete All Extensions} - Delete All Extensions]" classname="io.apicurio.datamodels.cmd.CommandMarshallTest" time="0.002"/>
  <testcase name="testMarshallRoundTrip[[OpenAPI 3] {Delete All Headers} - Delete All Headers Response]" classname="io.apicurio.datamodels.cmd.CommandMarshallTest" time="0.001"/>
  <testcase name="testMarshallRoundTrip[[OpenAPI 2] {Delete All Operations} - Delete All Operations]" classname="io.apicurio.datamodels.cmd.CommandMarshallTest" time="0.001"/>
  <testcase name="testMarshallRoundTrip[[OpenAPI 3] {Delete All Operations} - Delete All Operations]" classname="io.apicurio.datamodels.cmd.CommandMarshallTest" time="0.0"/>
  <testcase name="testMarshallRoundTrip[[OpenAPI 2] {Delete All Params} - Delete All Params]" classname="io.apicurio.datamodels.cmd.CommandMarshallTest" time="0.002"/>
  <testcase name="testMarshallRoundTrip[[OpenAPI 3] {Delete All Params} - Delete All Params]" classname="io.apicurio.datamodels.cmd.CommandMarshallTest" time="0.0"/>
  <testcase name="testMarshallRoundTrip[[OpenAPI 2] {Delete All Properties} - Delete All Properties]" classname="io.apicurio.datamodels.cmd.CommandMarshallTest" time="0.002"/>
  <testcase name="testMarshallRoundTrip[[OpenAPI 3] {Delete All Properties} - Delete All Properties]" classname="io.apicurio.datamodels.cmd.CommandMarshallTest" time="0.0"/>
  <testcase name="testMarshallRoundTrip[[AsyncAPI 2] {Delete All Properties} - Delete All Properties]" classname="io.apicurio.datamodels.cmd.CommandMarshallTest" time="0.001"/>
  <testcase name="testMarshallRoundTrip[[OpenAPI 2] {Delete All Responses} - Delete All Responses]" classname="io.apicurio.datamodels.cmd.CommandMarshallTest" time="0.001"/>
  <testcase name="testMarshallRoundTrip[[OpenAPI 3] {Delete All Responses} - Delete All Responses]" classname="io.apicurio.datamodels.cmd.CommandMarshallTest" time="0.0"/>
  <testcase name="testMarshallRoundTrip[[OpenAPI 2] {Delete All Security Requirements} - Delete All Security Requirements]" classname="io.apicurio.datamodels.cmd.CommandMarshallTest" time="0.001"/>
  <testcase name="testMarshallRoundTrip[[OpenAPI 3] {Delete All Security Requirements} - Delete All Security Requirements Op]" classname="io.apicurio.datamodels.cmd.CommandMarshallTest" time="0.001"/>
  <testcase name="testMarshallRoundTrip[[OpenAPI 3] {Delete All Security Requirements} - Delete All Security Requirements]" classname="io.apicurio.datamodels.cmd.CommandMarshallTest" time="0.0"/>
  <testcase name="testMarshallRoundTrip[[AsyncAPI 2] {Delete All Security Requirements} - Delete All Security Requirements]" classname="io.apicurio.datamodels.cmd.CommandMarshallTest" time="0.0"/>
  <testcase name="testMarshallRoundTrip[[OpenAPI 2] {Delete All Security Schemes} - Delete All Security Schemes]" classname="io.apicurio.datamodels.cmd.CommandMarshallTest" time="0.001"/>
  <testcase name="testMarshallRoundTrip[[OpenAPI 3] {Delete All Security Schemes} - Delete All Security Schemes]" classname="io.apicurio.datamodels.cmd.CommandMarshallTest" time="0.001"/>
  <testcase name="testMarshallRoundTrip[[AsyncAPI 2] {Delete All Security Schemes} - Delete All Security Schemes]" classname="io.apicurio.datamodels.cmd.CommandMarshallTest" time="0.0"/>
  <testcase name="testMarshallRoundTrip[[OpenAPI 2] {Delete All Tags} - Delete All Tags]" classname="io.apicurio.datamodels.cmd.CommandMarshallTest" time="0.001"/>
  <testcase name="testMarshallRoundTrip[[OpenAPI 3] {Delete All Tags} - Delete All Tags]" classname="io.apicurio.datamodels.cmd.CommandMarshallTest" time="0.0"/>
  <testcase name="testMarshallRoundTrip[[OpenAPI 3] {Delete All Servers} - Delete All Servers Document]" classname="io.apicurio.datamodels.cmd.CommandMarshallTest" time="0.001"/>
  <testcase name="testMarshallRoundTrip[[OpenAPI 3] {Delete All Servers} - Delete All Servers Operation]" classname="io.apicurio.datamodels.cmd.CommandMarshallTest" time="0.001"/>
  <testcase name="testMarshallRoundTrip[[OpenAPI 3] {Delete All Servers} - Delete All Servers Path Item]" classname="io.apicurio.datamodels.cmd.CommandMarshallTest" time="0.0"/>
  <testcase name="testMarshallRoundTrip[[OpenAPI 3] {Add Example} - Add Example Exists]" classname="io.apicurio.datamodels.cmd.CommandMarshallTest" time="0.001"/>
  <testcase name="testMarshallRoundTrip[[OpenAPI 3] {Add Example} - Add Example First]" classname="io.apicurio.datamodels.cmd.CommandMarshallTest" time="0.001"/>
  <testcase name="testMarshallRoundTrip[[OpenAPI 3] {Add Example} - Add Example]" classname="io.apicurio.datamodels.cmd.CommandMarshallTest" time="0.001"/>
  <testcase name="testMarshallRoundTrip[[OpenAPI 3] {Add Example} - Add Param Example]" classname="io.apicurio.datamodels.cmd.CommandMarshallTest" time="0.0"/>
  <testcase name="testMarshallRoundTrip[[OpenAPI 3] {Add Example} - Add Param Example Multi]" classname="io.apicurio.datamodels.cmd.CommandMarshallTest" time="0.0"/>
  <testcase name="testMarshallRoundTrip[[OpenAPI 3] {Add Example} - Add Param Example Exists]" classname="io.apicurio.datamodels.cmd.CommandMarshallTest" time="0.001"/>
  <testcase name="testMarshallRoundTrip[[OpenAPI 2] {Add Path Item} - Add Path Item]" classname="io.apicurio.datamodels.cmd.CommandMarshallTest" time="0.001"/>
  <testcase name="testMarshallRoundTrip[[OpenAPI 2] {Add Path Item} - Clone Path Item]" classname="io.apicurio.datamodels.cmd.CommandMarshallTest" time="0.0"/>
  <testcase name="testMarshallRoundTrip[[OpenAPI 3] {Add Path Item} - Add Path Item]" classname="io.apicurio.datamodels.cmd.CommandMarshallTest" time="0.001"/>
  <testcase name="testMarshallRoundTrip[[OpenAPI 3] {Add Path Item} - Clone Path Item]" classname="io.apicurio.datamodels.cmd.CommandMarshallTest" time="0.0"/>
  <testcase name="testMarshallRoundTrip[[OpenAPI 2] {Add Response Definition} - Add Response Definition]" classname="io.apicurio.datamodels.cmd.CommandMarshallTest" time="0.001"/>
  <testcase name="testMarshallRoundTrip[[OpenAPI 2] {Add Response Definition} - Clone Response Definition]" classname="io.apicurio.datamodels.cmd.CommandMarshallTest" time="0.0"/>
  <testcase name="testMarshallRoundTrip[[OpenAPI 3] {Add Response Definition} - Add Response Definition]" classname="io.apicurio.datamodels.cmd.CommandMarshallTest" time="0.0"/>
  <testcase name="testMarshallRoundTrip[[OpenAPI 3] {Add Response Definition} - Clone Response Definition]" classname="io.apicurio.datamodels.cmd.CommandMarshallTest" time="0.0"/>
  <testcase name="testMarshallRoundTrip[[OpenAPI 2] {Add Schema Property} - Add Property]" classname="io.apicurio.datamodels.cmd.CommandMarshallTest" time="0.002"/>
  <testcase name="testMarshallRoundTrip[[OpenAPI 3] {Add Schema Property} - Add Property]" classname="io.apicurio.datamodels.cmd.CommandMarshallTest" time="0.0"/>
  <testcase name="testMarshallRoundTrip[[OpenAPI 2] {Delete Schema Property} - Delete Property]" classname="io.apicurio.datamodels.cmd.CommandMarshallTest" time="0.001"/>
  <testcase name="testMarshallRoundTrip[[OpenAPI 3] {Delete Schema Property} - Delete Property]" classname="io.apicurio.datamodels.cmd.CommandMarshallTest" time="0.0"/>
  <testcase name="testMarshallRoundTrip[[OpenAPI 3] {Delete Schema Property} - Delete Required Property]" classname="io.apicurio.datamodels.cmd.CommandMarshallTest" time="0.0"/>
  <testcase name="testMarshallRoundTrip[[OpenAPI 3] {Delete Schema Property} - Delete Nonexistent Property]" classname="io.apicurio.datamodels.cmd.CommandMarshallTest" time="0.001"/>
  <testcase name="testMarshallRoundTrip[[OpenAPI 2] {Add Parameter Definition} - Add Parameter Definition]" classname="io.apicurio.datamodels.cmd.CommandMarshallTest" time="0.001"/>
  <testcase name="testMarshallRoundTrip[[OpenAPI 3] {Add Parameter Definition} - Add Parameter Definition]" classname="io.apicurio.datamodels.cmd.CommandMarshallTest" time="0.0"/>
  <testcase name="testMarshallRoundTrip[[AsyncAPI 2] {Add Parameter Definition} - Add Parameter Definition]" classname="io.apicurio.datamodels.cmd.CommandMarshallTest" time="0.0"/>
  <testcase name="testMarshallRoundTrip[[OpenAPI 3] {Add Header Definition} - Add Header Definition]" classname="io.apicurio.datamodels.cmd.CommandMarshallTest" time="0.002"/>
  <testcase name="testMarshallRoundTrip[[OpenAPI 3] {Add Header Definition} - Add Header Definition (no components)]" classname="io.apicurio.datamodels.cmd.CommandMarshallTest" time="0.0"/>
  <testcase name="testMarshallRoundTrip[[OpenAPI 2] {Delete Parameter Definition} - Delete Parameter Definition]" classname="io.apicurio.datamodels.cmd.CommandMarshallTest" time="0.001"/>
  <testcase name="testMarshallRoundTrip[[OpenAPI 3] {Delete Parameter Definition} - Delete Parameter Definition]" classname="io.apicurio.datamodels.cmd.CommandMarshallTest" time="0.001"/>
  <testcase name="testMarshallRoundTrip[[AsyncAPI 2] {Delete Parameter Definition} - Delete Parameter Definition]" classname="io.apicurio.datamodels.cmd.CommandMarshallTest" time="0.0"/>
  <testcase name="testMarshallRoundTrip[[OpenAPI 3] {Delete Header Definition} - Delete Header Definition]" classname="io.apicurio.datamodels.cmd.CommandMarshallTest" time="0.001"/>
  <testcase name="testMarshallRoundTrip[[OpenAPI 3] {Delete Request Body Definition} - Delete Request Body Definition]" classname="io.apicurio.datamodels.cmd.CommandMarshallTest" time="0.001"/>
  <testcase name="testMarshallRoundTrip[[OpenAPI 3] {Add Request Body Definition} - Add Request Body Definition]" classname="io.apicurio.datamodels.cmd.CommandMarshallTest" time="0.001"/>
  <testcase name="testMarshallRoundTrip[[OpenAPI 3] {Add Example Definition} - Add Example Definition]" classname="io.apicurio.datamodels.cmd.CommandMarshallTest" time="0.001"/>
  <testcase name="testMarshallRoundTrip[[OpenAPI 3] {Delete Example Definition} - Delete Example Definition]" classname="io.apicurio.datamodels.cmd.CommandMarshallTest" time="0.001"/>
  <testcase name="testMarshallRoundTrip[[OpenAPI 2] {Add Schema Definition} - Add Definition]" classname="io.apicurio.datamodels.cmd.CommandMarshallTest" time="0.001"/>
  <testcase name="testMarshallRoundTrip[[OpenAPI 2] {Add Schema Definition} - Clone Definition]" classname="io.apicurio.datamodels.cmd.CommandMarshallTest" time="0.0"/>
  <testcase name="testMarshallRoundTrip[[OpenAPI 3] {Add Schema Definition} - Add Definition]" classname="io.apicurio.datamodels.cmd.CommandMarshallTest" time="0.0"/>
  <testcase name="testMarshallRoundTrip[[OpenAPI 3] {Add Schema Definition} - Clone Definition]" classname="io.apicurio.datamodels.cmd.CommandMarshallTest" time="0.0"/>
  <testcase name="testMarshallRoundTrip[[OpenAPI 2] {Add Security Requirement} - Add Security Req]" classname="io.apicurio.datamodels.cmd.CommandMarshallTest" time="0.002"/>
  <testcase name="testMarshallRoundTrip[[OpenAPI 3] {Add Security Requirement} - Add Security Req Doc2]" classname="io.apicurio.datamodels.cmd.CommandMarshallTest" time="0.0"/>
  <testcase name="testMarshallRoundTrip[[OpenAPI 3] {Add Security Requirement} - Add Security Req Op]" classname="io.apicurio.datamodels.cmd.CommandMarshallTest" time="0.0"/>
  <testcase name="testMarshallRoundTrip[[OpenAPI 3] {Add Security Requirement} - Add Security Req]" classname="io.apicurio.datamodels.cmd.CommandMarshallTest" time="0.001"/>
  <testcase name="testMarshallRoundTrip[[OpenAPI 2] {Replace Operation} - Replace Operation]" classname="io.apicurio.datamodels.cmd.CommandMarshallTest" time="0.001"/>
  <testcase name="testMarshallRoundTrip[[OpenAPI 3] {Replace Operation} - Replace Operation]" classname="io.apicurio.datamodels.cmd.CommandMarshallTest" time="0.0"/>
  <testcase name="testMarshallRoundTrip[[OpenAPI 2] {Replace Path Item} - Replace Path Item]" classname="io.apicurio.datamodels.cmd.CommandMarshallTest" time="0.001"/>
  <testcase name="testMarshallRoundTrip[[OpenAPI 3] {Replace Path Item} - Replace Path Item]" classname="io.apicurio.datamodels.cmd.CommandMarshallTest" time="0.001"/>
  <testcase name="testMarshallRoundTrip[[OpenAPI 2] {Replace Schema Definition} - Replace Schema Definition]" classname="io.apicurio.datamodels.cmd.CommandMarshallTest" time="0.001"/>
  <testcase name="testMarshallRoundTrip[[OpenAPI 3] {Replace Schema Definition} - Replace Schema Definition]" classname="io.apicurio.datamodels.cmd.CommandMarshallTest" time="0.0"/>
  <testcase name="testMarshallRoundTrip[[OpenAPI 2] {Replace Response Definition} - Replace Response Definition]" classname="io.apicurio.datamodels.cmd.CommandMarshallTest" time="0.001"/>
  <testcase name="testMarshallRoundTrip[[OpenAPI 3] {Replace Response Definition} - Replace Response Definition]" classname="io.apicurio.datamodels.cmd.CommandMarshallTest" time="0.0"/>
  <testcase name="testMarshallRoundTrip[[OpenAPI 3] {Replace Security Requirement} - Replace Security Requirement]" classname="io.apicurio.datamodels.cmd.CommandMarshallTest" time="0.001"/>
  <testcase name="testMarshallRoundTrip[[OpenAPI 3] {Add Extension} - Add Extension]" classname="io.apicurio.datamodels.cmd.CommandMarshallTest" time="0.001"/>
  <testcase name="testMarshallRoundTrip[[OpenAPI 3] {Change Extension} - Change Extension]" classname="io.apicurio.datamodels.cmd.CommandMarshallTest" time="0.001"/>
  <testcase name="testMarshallRoundTrip[[OpenAPI 3] {Add Tag} - Add Tag]" classname="io.apicurio.datamodels.cmd.CommandMarshallTest" time="0.001"/>
  <testcase name="testMarshallRoundTrip[[OpenAPI 3] {Delete Tag} - Delete Tag]" classname="io.apicurio.datamodels.cmd.CommandMarshallTest" time="0.001"/>
  <testcase name="testMarshallRoundTrip[[OpenAPI 3] {Rename Tag} - Rename Tag]" classname="io.apicurio.datamodels.cmd.CommandMarshallTest" time="0.001"/>
  <testcase name="testMarshallRoundTrip[[OpenAPI 2] {Refactor Schema Definition} - Refactor Schema Definition]" classname="io.apicurio.datamodels.cmd.CommandMarshallTest" time="0.002"/>
  <testcase name="testMarshallRoundTrip[[OpenAPI 3] {Refactor Schema Definition} - Refactor Schema Definition]" classname="io.apicurio.datamodels.cmd.CommandMarshallTest" time="0.0"/>
  <testcase name="testMarshallRoundTrip[[AsyncAPI 2] {Refactor Schema Definition} - Refactor Schema Definition]" classname="io.apicurio.datamodels.cmd.CommandMarshallTest" time="0.0"/>
  <testcase name="testMarshallRoundTrip[[OpenAPI 2] {Refactor Response Definition} - Refactor Response Definition]" classname="io.apicurio.datamodels.cmd.CommandMarshallTest" time="0.001"/>
  <testcase name="testMarshallRoundTrip[[OpenAPI 3] {Refactor Response Definition} - Refactor Response Definition]" classname="io.apicurio.datamodels.cmd.CommandMarshallTest" time="0.0"/>
  <testcase name="testMarshallRoundTrip[[OpenAPI 2] {Refactor Parameter Definition} - Refactor Parameter Definition]" classname="io.apicurio.datamodels.cmd.CommandMarshallTest" time="0.001"/>
  <testcase name="testMarshallRoundTrip[[OpenAPI 3] {Refactor Parameter Definition} - Refactor Parameter Definition]" classname="io.apicurio.datamodels.cmd.CommandMarshallTest" time="0.0"/>
  <testcase name="testMarshallRoundTrip[[AsyncAPI 2] {Refactor Parameter Definition} - Refactor Parameter Definition]" classname="io.apicurio.datamodels.cmd.CommandMarshallTest" time="0.0"/>
  <testcase name="testMarshallRoundTrip[[OpenAPI 3] {Refactor Header Definition} - Refactor Header Definition]" classname="io.apicurio.datamodels.cmd.CommandMarshallTest" time="0.001"/>
  <testcase name="testMarshallRoundTrip[[OpenAPI 3] {Refactor Example Definition} - Refactor Example Definition]" classname="io.apicurio.datamodels.cmd.CommandMarshallTest" time="0.0"/>
  <testcase name="testMarshallRoundTrip[[OpenAPI 3] {Refactor Request Body Definition} - Refactor Request Body Definition]" classname="io.apicurio.datamodels.cmd.CommandMarshallTest" time="0.001"/>
  <testcase name="testMarshallRoundTrip[[OpenAPI 3] {Refactor Link Definition} - Refactor Link Definition]" classname="io.apicurio.datamodels.cmd.CommandMarshallTest" time="0.001"/>
  <testcase name="testMarshallRoundTrip[[OpenAPI 3] {Refactor Callback Definition} - Refactor Callback Definition]" classname="io.apicurio.datamodels.cmd.CommandMarshallTest" time="0.001"/>
  <testcase name="testMarshallRoundTrip[[OpenAPI 3] {Add Server} - Add Server]" classname="io.apicurio.datamodels.cmd.CommandMarshallTest" time="0.001"/>
  <testcase name="testMarshallRoundTrip[[OpenAPI 3] {Delete Server} - Delete Server Document]" classname="io.apicurio.datamodels.cmd.CommandMarshallTest" time="0.001"/>
  <testcase name="testMarshallRoundTrip[[OpenAPI 3] {Delete Server} - Delete Server Operation]" classname="io.apicurio.datamodels.cmd.CommandMarshallTest" time="0.0"/>
  <testcase name="testMarshallRoundTrip[[OpenAPI 3] {Delete Server} - Delete Server Path Item]" classname="io.apicurio.datamodels.cmd.CommandMarshallTest" time="0.0"/>
  <testcase name="testMarshallRoundTrip[[OpenAPI 3] {Add Server Variable} - Add Server Variable]" classname="io.apicurio.datamodels.cmd.CommandMarshallTest" time="0.002"/>
  <testcase name="testMarshallRoundTrip[[OpenAPI 3] {Delete Server Variable} - Delete Server Variable]" classname="io.apicurio.datamodels.cmd.CommandMarshallTest" time="0.001"/>
  <testcase name="testMarshallRoundTrip[[OpenAPI 3] {Create Path} - Create Path]" classname="io.apicurio.datamodels.cmd.CommandMarshallTest" time="0.0"/>
  <testcase name="testMarshallRoundTrip[[OpenAPI 3] {Delete Path} - Delete Path]" classname="io.apicurio.datamodels.cmd.CommandMarshallTest" time="0.001"/>
  <testcase name="testMarshallRoundTrip[[OpenAPI 3] {Create Operation} - Create Operation]" classname="io.apicurio.datamodels.cmd.CommandMarshallTest" time="0.001"/>
  <testcase name="testMarshallRoundTrip[[OpenAPI 3] {Delete Operation} - Delete Operation]" classname="io.apicurio.datamodels.cmd.CommandMarshallTest" time="0.001"/>
  <testcase name="testMarshallRoundTrip[[OpenAPI 3] {Add Parameter} - Add Parameter]" classname="io.apicurio.datamodels.cmd.CommandMarshallTest" time="0.001"/>
  <testcase name="testMarshallRoundTrip[[OpenAPI 3] {Delete Parameter} - Delete Parameter]" classname="io.apicurio.datamodels.cmd.CommandMarshallTest" time="0.001"/>
  <testcase name="testMarshallRoundTrip[[OpenAPI 3] {Add Request Body} - Add Request Body]" classname="io.apicurio.datamodels.cmd.CommandMarshallTest" time="0.001"/>
  <testcase name="testMarshallRoundTrip[[OpenAPI 3] {Delete Request Body} - Delete Request Body]" classname="io.apicurio.datamodels.cmd.CommandMarshallTest" time="0.001"/>
  <testcase name="testMarshallRoundTrip[[OpenAPI 3] {Add Response} - Add Response]" classname="io.apicurio.datamodels.cmd.CommandMarshallTest" time="0.001"/>
  <testcase name="testMarshallRoundTrip[[OpenAPI 3] {Delete Response} - Delete Response]" classname="io.apicurio.datamodels.cmd.CommandMarshallTest" time="0.0"/>
  <testcase name="testMarshallRoundTrip[[OpenAPI 3] {Add Response Header} - Add Response Header]" classname="io.apicurio.datamodels.cmd.CommandMarshallTest" time="0.001"/>
  <testcase name="testMarshallRoundTrip[[OpenAPI 3] {Delete Response Header} - Delete Response Header]" classname="io.apicurio.datamodels.cmd.CommandMarshallTest" time="0.001"/>
  <testcase name="testMarshallRoundTrip[[OpenAPI 3] {Add Link} - Add Link]" classname="io.apicurio.datamodels.cmd.CommandMarshallTest" time="0.001"/>
  <testcase name="testMarshallRoundTrip[[OpenAPI 3] {Delete Link} - Delete Link]" classname="io.apicurio.datamodels.cmd.CommandMarshallTest" time="0.001"/>
  <testcase name="testMarshallRoundTrip[[OpenAPI 3] {Add Callback} - Add Callback]" classname="io.apicurio.datamodels.cmd.CommandMarshallTest" time="0.001"/>
  <testcase name="testMarshallRoundTrip[[OpenAPI 3] {Delete Callback} - Delete Callback]" classname="io.apicurio.datamodels.cmd.CommandMarshallTest" time="0.001"/>
  <testcase name="testMarshallRoundTrip[[OpenAPI 3] {Add Media Type} - Add Media Type]" classname="io.apicurio.datamodels.cmd.CommandMarshallTest" time="0.001"/>
  <testcase name="testMarshallRoundTrip[[OpenAPI 3] {Change Media Type Schema} - Change Media Type Schema]" classname="io.apicurio.datamodels.cmd.CommandMarshallTest" time="0.0"/>
  <testcase name="testMarshallRoundTrip[[OpenAPI 3] {Create Schema} - Create Schema]" classname="io.apicurio.datamodels.cmd.CommandMarshallTest" time="0.001"/>
  <testcase name="testMarshallRoundTrip[[OpenAPI 3] {Delete Schema} - Delete Schema]" classname="io.apicurio.datamodels.cmd.CommandMarshallTest" time="0.001"/>
  <testcase name="testMarshallRoundTrip[[OpenAPI 3] {Add Security Scheme} - Add Security Scheme]" classname="io.apicurio.datamodels.cmd.CommandMarshallTest" time="0.001"/>
  <testcase name="testMarshallRoundTrip[[OpenAPI 3] {Update Security Scheme} - Update Security Scheme]" classname="io.apicurio.datamodels.cmd.CommandMarshallTest" time="0.001"/>
  <testcase name="testMarshallRoundTrip[[OpenAPI 3] {Delete Security Scheme} - Delete Security Scheme]" classname="io.apicurio.datamodels.cmd.CommandMarshallTest" time="0.0"/>
  <testcase name="testMarshallRoundTrip[[OpenAPI 3] {Add Operation Security Requirement} - Add Op Security Req]" classname="io.apicurio.datamodels.cmd.CommandMarshallTest" time="0.001"/>
  <testcase name="testMarshallRoundTrip[[OpenAPI 3] {Delete Operation Security Requirement} - Delete Op Security Req]" classname="io.apicurio.datamodels.cmd.CommandMarshallTest" time="0.001"/>
  <testcase name="testMarshallRoundTrip[[OpenAPI 3] {Delete Security Requirement} - Delete Security Req]" classname="io.apicurio.datamodels.cmd.CommandMarshallTest" time="0.001"/>
  <testcase name="testMarshallRoundTrip[[OpenAPI 3] {Delete Security Requirement} - Delete Security Req Doc2]" classname="io.apicurio.datamodels.cmd.CommandMarshallTest" time="0.0"/>
  <testcase name="testMarshallRoundTrip[[OpenAPI 3] {Delete Security Requirement} - Delete Security Req Op]" classname="io.apicurio.datamodels.cmd.CommandMarshallTest" time="0.0"/>
  <testcase name="testMarshallRoundTrip[[OpenAPI 3] {Update Node} - Update Node]" classname="io.apicurio.datamodels.cmd.CommandMarshallTest" time="0.001"/>
  <testcase name="testMarshallRoundTrip[[OpenAPI 3] {Ensure Child Node} - Ensure Child Node]" classname="io.apicurio.datamodels.cmd.CommandMarshallTest" time="0.001"/>
  <testcase name="testMarshallRoundTrip[[AsyncAPI 2] {Add Security Scheme} - Add Security Scheme]" classname="io.apicurio.datamodels.cmd.CommandMarshallTest" time="0.0"/>
  <testcase name="testMarshallRoundTrip[[AsyncAPI 2] {Delete Security Scheme} - Delete Security Scheme]" classname="io.apicurio.datamodels.cmd.CommandMarshallTest" time="0.0"/>
  <testcase name="testMarshallRoundTrip[[AsyncAPI 2] {Update Security Scheme} - Update Security Scheme]" classname="io.apicurio.datamodels.cmd.CommandMarshallTest" time="0.0"/>
  <testcase name="testMarshallRoundTrip[[AsyncAPI 2] {Add Tag} - Add Tag]" classname="io.apicurio.datamodels.cmd.CommandMarshallTest" time="0.0"/>
  <testcase name="testMarshallRoundTrip[[AsyncAPI 2] {Delete Tag} - Delete Tag]" classname="io.apicurio.datamodels.cmd.CommandMarshallTest" time="0.0"/>
  <testcase name="testMarshallRoundTrip[[AsyncAPI 2] {Delete All Tags} - Delete All Tags]" classname="io.apicurio.datamodels.cmd.CommandMarshallTest" time="0.0"/>
  <testcase name="testMarshallRoundTrip[[AsyncAPI 2] {Rename Tag} - Rename Tag]" classname="io.apicurio.datamodels.cmd.CommandMarshallTest" time="0.0"/>
  <testcase name="testMarshallRoundTrip[[AsyncAPI 2] {Add Schema Definition} - Add Definition]" classname="io.apicurio.datamodels.cmd.CommandMarshallTest" time="0.0"/>
  <testcase name="testMarshallRoundTrip[[AsyncAPI 2] {Delete Schema Definition} - Delete Schema Definition]" classname="io.apicurio.datamodels.cmd.CommandMarshallTest" time="0.0"/>
  <testcase name="testMarshallRoundTrip[[AsyncAPI 2] {Create Schema} - Create Schema]" classname="io.apicurio.datamodels.cmd.CommandMarshallTest" time="0.001"/>
  <testcase name="testMarshallRoundTrip[[AsyncAPI 2] {Replace Schema Definition} - Replace Schema Definition]" classname="io.apicurio.datamodels.cmd.CommandMarshallTest" time="0.0"/>
  <testcase name="testMarshallRoundTrip[[AsyncAPI 2] {Add Server} - Add Server]" classname="io.apicurio.datamodels.cmd.CommandMarshallTest" time="0.0"/>
  <testcase name="testMarshallRoundTrip[[AsyncAPI 2] {Delete Server} - Delete Server]" classname="io.apicurio.datamodels.cmd.CommandMarshallTest" time="0.0"/>
  <testcase name="testMarshallRoundTrip[[AsyncAPI 2] {Delete All Servers} - Delete All Servers]" classname="io.apicurio.datamodels.cmd.CommandMarshallTest" time="0.0"/>
  <testcase name="testMarshallRoundTrip[[OpenRPC] {Add Example Definition} - Add Example Definition]" classname="io.apicurio.datamodels.cmd.CommandMarshallTest" time="0.001"/>
  <testcase name="testMarshallRoundTrip[[OpenRPC] {Delete Example Definition} - Delete Example Definition]" classname="io.apicurio.datamodels.cmd.CommandMarshallTest" time="0.0"/>
  <testcase name="testMarshallRoundTrip[[OpenRPC] {Refactor Example Definition} - Refactor Example Definition]" classname="io.apicurio.datamodels.cmd.CommandMarshallTest" time="0.0"/>
  <testcase name="testMarshallRoundTrip[[OpenRPC] {Add Schema Definition} - Add Definition]" classname="io.apicurio.datamodels.cmd.CommandMarshallTest" time="0.0"/>
  <testcase name="testMarshallRoundTrip[[OpenRPC] {Create Schema} - Create Schema]" classname="io.apicurio.datamodels.cmd.CommandMarshallTest" time="0.0"/>
  <testcase name="testMarshallRoundTrip[[OpenRPC] {Delete Schema} - Delete Schema]" classname="io.apicurio.datamodels.cmd.CommandMarshallTest" time="0.001"/>
  <testcase name="testMarshallRoundTrip[[OpenRPC] {Refactor Schema Definition} - Refactor Schema Definition]" classname="io.apicurio.datamodels.cmd.CommandMarshallTest" time="0.0"/>
  <testcase name="testMarshallRoundTrip[[OpenRPC] {Replace Schema Definition} - Replace Schema Definition]" classname="io.apicurio.datamodels.cmd.CommandMarshallTest" time="0.0"/>
</testsuite>