<?xml version="1.0" encoding="UTF-8"?>
<testsuite xmlns:xsi="http://www.w3.org/2001/XMLSchema-instance" xsi:noNamespaceSchemaLocation="https://maven.apache.org/surefire/maven-surefire-plugin/xsd/surefire-test-report.xsd" version="3.0.2" name="io.apicurio.datamodels.transform.TransformTest" time="0.12" tests="58" errors="0" skipped="0" failures="0" flakes="0">
  <properties>
[...]
</properties>
  <testcase name="[OpenAPI 2-&gt;3] Simple [Easy 2.0 spec]" classname="io.apicurio.datamodels.transform.TransformTest" time="0.001"/>
  <testcase name="[OpenAPI 2-&gt;3] Simple [Info]" classname="io.apicurio.datamodels.transform.TransformTest" time="0.001"/>
  <testcase name="[OpenAPI 2-&gt;3] Simple [Info+Extensions]" classname="io.apicurio.datamodels.transform.TransformTest" time="0.0"/>
  <testcase name="[OpenAPI 2-&gt;3] Simple [Server]" classname="io.apicurio.datamodels.transform.TransformTest" time="0.0"/>
  <testcase name="[OpenAPI 2-&gt;3] Simple [Server+Schemes]" classname="io.apicurio.datamodels.transform.TransformTest" time="0.0"/>
  <testcase name="[OpenAPI 2-&gt;3] Paths [GET]" classname="io.apicurio.datamodels.transform.TransformTest" time="0.001"/>
  <testcase name="[OpenAPI 2-&gt;3] Paths [All Operations]" classname="io.apicurio.datamodels.transform.TransformTest" time="0.0"/>
  <testcase name="[OpenAPI 2-&gt;3] Paths [Default Response]" classname="io.apicurio.datamodels.transform.TransformTest" time="0.001"/>
  <testcase name="[OpenAPI 2-&gt;3] Paths [External Docs]" classname="io.apicurio.datamodels.transform.TransformTest" time="0.0"/>
  <testcase name="[OpenAPI 2-&gt;3] Paths [GET+Params]" classname="io.apicurio.datamodels.transform.TransformTest" time="0.003"/>
  <testcase name="[OpenAPI 2-&gt;3] Paths [GET+Tags]" classname="io.apicurio.datamodels.transform.TransformTest" time="0.0"/>
  <testcase name="[OpenAPI 2-&gt;3] Paths [Path Params]" classname="io.apicurio.datamodels.transform.TransformTest" time="0.0"/>
  <testcase name="[OpenAPI 2-&gt;3] Paths [Path Ref]" classname="io.apicurio.datamodels.transform.TransformTest" time="0.0"/>
  <testcase name="[OpenAPI 2-&gt;3] Paths [Response+Examples]" classname="io.apicurio.datamodels.transform.TransformTest" time="0.001"/>
  <testcase name="[OpenAPI 2-&gt;3] Paths [Response+Headers]" classname="io.apicurio.datamodels.transform.TransformTest" time="0.001"/>
  <testcase name="[OpenAPI 2-&gt;3] Paths [Response+Schema]" classname="io.apicurio.datamodels.transform.TransformTest" time="0.001"/>
  <testcase name="[OpenAPI 2-&gt;3] Paths [Responses]" classname="io.apicurio.datamodels.transform.TransformTest" time="0.0"/>
  <testcase name="[OpenAPI 2-&gt;3] Paths [Responses+Extensions]" classname="io.apicurio.datamodels.transform.TransformTest" time="0.001"/>
  <testcase name="[OpenAPI 2-&gt;3] Paths [Security]" classname="io.apicurio.datamodels.transform.TransformTest" time="0.0"/>
  <testcase name="[OpenAPI 2-&gt;3] Paths [Extensions]" classname="io.apicurio.datamodels.transform.TransformTest" time="0.0"/>
  <testcase name="[OpenAPI 2-&gt;3] Paths [POST+FormData]" classname="io.apicurio.datamodels.transform.TransformTest" time="0.001"/>
  <testcase name="[OpenAPI 2-&gt;3] Paths [POST+FormData+Multi]" classname="io.apicurio.datamodels.transform.TransformTest" time="0.0"/>
  <testcase name="[OpenAPI 2-&gt;3] Paths [GET+Schemes]" classname="io.apicurio.datamodels.transform.TransformTest" time="0.001"/>
  <testcase name="[OpenAPI 2-&gt;3] Responses [Spec Examples]" classname="io.apicurio.datamodels.transform.TransformTest" time="0.0"/>
  <testcase name="[OpenAPI 2-&gt;3] Responses [Example 1]" classname="io.apicurio.datamodels.transform.TransformTest" time="0.001"/>
  <testcase name="[OpenAPI 2-&gt;3] Responses [Array Param]" classname="io.apicurio.datamodels.transform.TransformTest" time="0.001"/>
  <testcase name="[OpenAPI 2-&gt;3] Definitions [JSON Schema::basic]" classname="io.apicurio.datamodels.transform.TransformTest" time="0.0"/>
  <testcase name="[OpenAPI 2-&gt;3] Definitions [JSON Schema::fstab]" classname="io.apicurio.datamodels.transform.TransformTest" time="0.002"/>
  <testcase name="[OpenAPI 2-&gt;3] Definitions [JSON Schema::products]" classname="io.apicurio.datamodels.transform.TransformTest" time="0.0"/>
  <testcase name="[OpenAPI 2-&gt;3] Definitions [Primitive]" classname="io.apicurio.datamodels.transform.TransformTest" time="0.001"/>
  <testcase name="[OpenAPI 2-&gt;3] Definitions [Additional Props]" classname="io.apicurio.datamodels.transform.TransformTest" time="0.0"/>
  <testcase name="[OpenAPI 2-&gt;3] Definitions [All Of]" classname="io.apicurio.datamodels.transform.TransformTest" time="0.001"/>
  <testcase name="[OpenAPI 2-&gt;3] Definitions [Composition]" classname="io.apicurio.datamodels.transform.TransformTest" time="0.0"/>
  <testcase name="[OpenAPI 2-&gt;3] Definitions [Example]" classname="io.apicurio.datamodels.transform.TransformTest" time="0.001"/>
  <testcase name="[OpenAPI 2-&gt;3] Definitions [Extension]" classname="io.apicurio.datamodels.transform.TransformTest" time="0.0"/>
  <testcase name="[OpenAPI 2-&gt;3] Definitions [External Docs]" classname="io.apicurio.datamodels.transform.TransformTest" time="0.0"/>
  <testcase name="[OpenAPI 2-&gt;3] Definitions [Meta Data]" classname="io.apicurio.datamodels.transform.TransformTest" time="0.0"/>
  <testcase name="[OpenAPI 2-&gt;3] Definitions [Polymorphism]" classname="io.apicurio.datamodels.transform.TransformTest" time="0.001"/>
  <testcase name="[OpenAPI 2-&gt;3] Definitions [XML]" classname="io.apicurio.datamodels.transform.TransformTest" time="0.0"/>
  <testcase name="[OpenAPI 2-&gt;3] Definitions [Spec Example 1]" classname="io.apicurio.datamodels.transform.TransformTest" time="0.0"/>
  <testcase name="[OpenAPI 2-&gt;3] Parameters [Single Array]" classname="io.apicurio.datamodels.transform.TransformTest" time="0.001"/>
  <testcase name="[OpenAPI 2-&gt;3] Parameters [Array]" classname="io.apicurio.datamodels.transform.TransformTest" time="0.0"/>
  <testcase name="[OpenAPI 2-&gt;3] Parameters [Spec Example]" classname="io.apicurio.datamodels.transform.TransformTest" time="0.001"/>
  <testcase name="[OpenAPI 2-&gt;3] Parameters [Body Param]" classname="io.apicurio.datamodels.transform.TransformTest" time="0.0"/>
  <testcase name="[OpenAPI 2-&gt;3] Parameters [File]" classname="io.apicurio.datamodels.transform.TransformTest" time="0.001"/>
  <testcase name="[OpenAPI 2-&gt;3] Security Schemes [All]" classname="io.apicurio.datamodels.transform.TransformTest" time="0.001"/>
  <testcase name="[OpenAPI 2-&gt;3] References [Schema]" classname="io.apicurio.datamodels.transform.TransformTest" time="0.0"/>
  <testcase name="[OpenAPI 2-&gt;3] References [Response]" classname="io.apicurio.datamodels.transform.TransformTest" time="0.0"/>
  <testcase name="[OpenAPI 2-&gt;3] References [Parameter]" classname="io.apicurio.datamodels.transform.TransformTest" time="0.001"/>
  <testcase name="[OpenAPI 2-&gt;3] References [Body Parameter]" classname="io.apicurio.datamodels.transform.TransformTest" time="0.002"/>
  <testcase name="[OpenAPI 2-&gt;3] References [Form Data Parameter]" classname="io.apicurio.datamodels.transform.TransformTest" time="0.001"/>
  <testcase name="[OpenAPI 30-&gt;31] Tenant Management" classname="io.apicurio.datamodels.transform.TransformTest" time="0.023"/>
  <testcase name="[OpenAPI 30-&gt;31] Schema Transformations" classname="io.apicurio.datamodels.transform.TransformTest" time="0.001"/>
  <testcase name="[OpenAPI 20-&gt;31] Pet Store" classname="io.apicurio.datamodels.transform.TransformTest" time="0.014"/>
  <testcase name="[OpenAPI 31-&gt;32] Simple" classname="io.apicurio.datamodels.transform.TransformTest" time="0.003"/>
  <testcase name="[OpenAPI 30-&gt;32] Tenant Management" classname="io.apicurio.datamodels.transform.TransformTest" time="0.004"/>
  <testcase name="[OpenAPI 20-&gt;32] Pet Store" classname="io.apicurio.datamodels.transform.TransformTest" time="0.01"/>
  <testcase name="[AsyncAPI 24-&gt;25] Streetlights" classname="io.apicurio.datamodels.transform.TransformTest" time="0.035"/>
</testsuite>