<?xml version="1.0" encoding="UTF-8"?>
<testsuite xmlns:xsi="http://www.w3.org/2001/XMLSchema-instance" xsi:noNamespaceSchemaLocation="https://maven.apache.org/surefire/maven-surefire-plugin/xsd/surefire-test-report.xsd" version="3.0.2" name="io.apicurio.datamodels.validation.ValidationTest" time="0.155" tests="140" errors="0" skipped="0" failures="0" flakes="0">
  <properties>
[...]
</properties>
  <testcase name="[AsyncAPI 2.0] Simple [Valid]" classname="io.apicurio.datamodels.validation.ValidationTest" time="0.015"/>
  <testcase name="[AsyncAPI 2.0] Invalid Info" classname="io.apicurio.datamodels.validation.ValidationTest" time="0.001"/>
  <testcase name="[AsyncAPI 2.0] Flow [Required Properties]" classname="io.apicurio.datamodels.validation.ValidationTest" time="0.001"/>
  <testcase name="[AsyncAPI 2.0] Required Property [Valid]" classname="io.apicurio.datamodels.validation.ValidationTest" time="0.002"/>
  <testcase name="[AsyncAPI 2.0] Required Property [Invalid]" classname="io.apicurio.datamodels.validation.ValidationTest" time="0.0"/>
  <testcase name="[AsyncAPI 2.0] Missing Info Property" classname="io.apicurio.datamodels.validation.ValidationTest" time="0.001"/>
  <testcase name="[AsyncAPI 2.0] Missing Channels Property" classname="io.apicurio.datamodels.validation.ValidationTest" time="0.0"/>
  <testcase name="[AsyncAPI 2.0] Invalid AsyncAPI Version Format" classname="io.apicurio.datamodels.validation.ValidationTest" time="0.0"/>
  <testcase name="[AsyncAPI 2.0] Invalid Document ID Format" classname="io.apicurio.datamodels.validation.ValidationTest" time="0.001"/>
  <testcase name="[AsyncAPI 2.0] Invalid Default Content Type" classname="io.apicurio.datamodels.validation.ValidationTest" time="0.0"/>
  <testcase name="[AsyncAPI 2.0] Operations Only in 3.0" classname="io.apicurio.datamodels.validation.ValidationTest" time="0.001"/>
  <testcase name="[AsyncAPI 2.0] Info Tags Only in 3.0" classname="io.apicurio.datamodels.validation.ValidationTest" time="0.0"/>
  <testcase name="[AsyncAPI 2.0] Info External Docs Only in 3.0" classname="io.apicurio.datamodels.validation.ValidationTest" time="0.0"/>
  <testcase name="[AsyncAPI 2.0] Duplicate Operation ID" classname="io.apicurio.datamodels.validation.ValidationTest" time="0.001"/>
  <testcase name="[AsyncAPI 2.0] Invalid Operation Trait Reference" classname="io.apicurio.datamodels.validation.ValidationTest" time="0.0"/>
  <testcase name="[AsyncAPI 2.0] Invalid Message Reference" classname="io.apicurio.datamodels.validation.ValidationTest" time="0.001"/>
  <testcase name="[AsyncAPI 2.0] Operation Security Property Only in 2.4+" classname="io.apicurio.datamodels.validation.ValidationTest" time="0.0"/>
  <testcase name="[AsyncAPI 2.0] Operation Referenceable Only in 3.0" classname="io.apicurio.datamodels.validation.ValidationTest" time="0.0"/>
  <testcase name="[AsyncAPI 2.0] Operation Reply Only in 3.0" classname="io.apicurio.datamodels.validation.ValidationTest" time="0.001"/>
  <testcase name="[AsyncAPI 2.0] Operation Messages in 2.x" classname="io.apicurio.datamodels.validation.ValidationTest" time="0.0"/>
  <testcase name="[AsyncAPI 2.0] Operation Trait Security in 2.4+" classname="io.apicurio.datamodels.validation.ValidationTest" time="0.0"/>
  <testcase name="[AsyncAPI 2.0] Invalid Channel Reference" classname="io.apicurio.datamodels.validation.ValidationTest" time="0.001"/>
  <testcase name="[AsyncAPI 2.0] Invalid Server Reference in Channel" classname="io.apicurio.datamodels.validation.ValidationTest" time="0.006"/>
  <testcase name="[AsyncAPI 2.0] Servers Property Only in 2.2+" classname="io.apicurio.datamodels.validation.ValidationTest" time="0.0"/>
  <testcase name="[AsyncAPI 2.0] Server Variable Default Not in Enum" classname="io.apicurio.datamodels.validation.ValidationTest" time="0.001"/>
  <testcase name="[AsyncAPI 2.0] Channel Messages Only in 3.0" classname="io.apicurio.datamodels.validation.ValidationTest" time="0.0"/>
  <testcase name="[AsyncAPI 3.0] Missing Channel Address" classname="io.apicurio.datamodels.validation.ValidationTest" time="0.001"/>
  <testcase name="[AsyncAPI 3.0] Invalid Server Reference in Channel" classname="io.apicurio.datamodels.validation.ValidationTest" time="0.0"/>
  <testcase name="[AsyncAPI 3.0] Channel Operations in 2.x Only" classname="io.apicurio.datamodels.validation.ValidationTest" time="0.0"/>
  <testcase name="[AsyncAPI 3.0] Missing Operation Action" classname="io.apicurio.datamodels.validation.ValidationTest" time="0.001"/>
  <testcase name="[AsyncAPI 3.0] Missing Operation Channel Reference" classname="io.apicurio.datamodels.validation.ValidationTest" time="0.0"/>
  <testcase name="[AsyncAPI 3.0] Invalid Operation Action Value" classname="io.apicurio.datamodels.validation.ValidationTest" time="0.001"/>
  <testcase name="[AsyncAPI 3.0] Invalid Operation Channel Reference" classname="io.apicurio.datamodels.validation.ValidationTest" time="0.0"/>
  <testcase name="[AsyncAPI 3.0] Invalid Message Reference" classname="io.apicurio.datamodels.validation.ValidationTest" time="0.0"/>
  <testcase name="[AsyncAPI 3.0] Operation Message in 3.0" classname="io.apicurio.datamodels.validation.ValidationTest" time="0.001"/>
  <testcase name="[AsyncAPI 3.0] Operation Trait OperationId in 2.x Only" classname="io.apicurio.datamodels.validation.ValidationTest" time="0.0"/>
  <testcase name="[AsyncAPI 3.0] Invalid Reply Channel Reference" classname="io.apicurio.datamodels.validation.ValidationTest" time="0.0"/>
  <testcase name="[AsyncAPI 3.0] Invalid Reply Message References" classname="io.apicurio.datamodels.validation.ValidationTest" time="0.001"/>
  <testcase name="[AsyncAPI 3.0] Invalid Reply Reference" classname="io.apicurio.datamodels.validation.ValidationTest" time="0.0"/>
  <testcase name="[AsyncAPI 3.0] Invalid Reply Address Reference" classname="io.apicurio.datamodels.validation.ValidationTest" time="0.001"/>
  <testcase name="[AsyncAPI 3.0] Invalid Reply Address Location" classname="io.apicurio.datamodels.validation.ValidationTest" time="0.0"/>
  <testcase name="[AsyncAPI 3.0] Server Variable Default Not in Enum" classname="io.apicurio.datamodels.validation.ValidationTest" time="0.0"/>
  <testcase name="[AsyncAPI 3.0] Parameter Default Not in Enum" classname="io.apicurio.datamodels.validation.ValidationTest" time="0.001"/>
  <testcase name="[AsyncAPI 3.0] Invalid Parameter Location Value" classname="io.apicurio.datamodels.validation.ValidationTest" time="0.0"/>
  <testcase name="[AsyncAPI 3.0] Parameter Structure Changed in 3.0" classname="io.apicurio.datamodels.validation.ValidationTest" time="0.0"/>
  <testcase name="[AsyncAPI 3.0] Missing Server Host" classname="io.apicurio.datamodels.validation.ValidationTest" time="0.001"/>
  <testcase name="[AsyncAPI 3.0] Invalid Server Host Format" classname="io.apicurio.datamodels.validation.ValidationTest" time="0.0"/>
  <testcase name="[AsyncAPI 3.0] Invalid Server Pathname Format" classname="io.apicurio.datamodels.validation.ValidationTest" time="0.0"/>
  <testcase name="[AsyncAPI 3.0] Invalid Server Reference" classname="io.apicurio.datamodels.validation.ValidationTest" time="0.0"/>
  <testcase name="[AsyncAPI 2.0] Missing Parameter Location" classname="io.apicurio.datamodels.validation.ValidationTest" time="0.001"/>
  <testcase name="[AsyncAPI 2.0] Missing Parameter Schema" classname="io.apicurio.datamodels.validation.ValidationTest" time="0.0"/>
  <testcase name="[AsyncAPI 2.0] Invalid Parameter Reference" classname="io.apicurio.datamodels.validation.ValidationTest" time="0.001"/>
  <testcase name="[AsyncAPI 2.0] Missing Message Payload or Headers" classname="io.apicurio.datamodels.validation.ValidationTest" time="0.0"/>
  <testcase name="[AsyncAPI 2.0] Invalid Message Content Type" classname="io.apicurio.datamodels.validation.ValidationTest" time="0.0"/>
  <testcase name="[AsyncAPI 2.0] Invalid Message Schema Format" classname="io.apicurio.datamodels.validation.ValidationTest" time="0.001"/>
  <testcase name="[AsyncAPI 2.0] Invalid Message Trait Reference" classname="io.apicurio.datamodels.validation.ValidationTest" time="0.0"/>
  <testcase name="[AsyncAPI 2.0] Message OneOf Mutually Exclusive" classname="io.apicurio.datamodels.validation.ValidationTest" time="0.001"/>
  <testcase name="[AsyncAPI 2.0] Invalid Correlation ID Reference" classname="io.apicurio.datamodels.validation.ValidationTest" time="0.0"/>
  <testcase name="[AsyncAPI 2.0] Invalid Correlation ID Description" classname="io.apicurio.datamodels.validation.ValidationTest" time="0.0"/>
  <testcase name="[AsyncAPI 2.0] Invalid Correlation ID Location Format" classname="io.apicurio.datamodels.validation.ValidationTest" time="0.001"/>
  <testcase name="[AsyncAPI 2.0] Invalid Server Reference" classname="io.apicurio.datamodels.validation.ValidationTest" time="0.004"/>
  <testcase name="[AsyncAPI 2.0] Server Referenceable Only in 2.3+" classname="io.apicurio.datamodels.validation.ValidationTest" time="0.0"/>
  <testcase name="[AsyncAPI 2.0] Server Tags Only in 2.5+" classname="io.apicurio.datamodels.validation.ValidationTest" time="0.001"/>
  <testcase name="[AsyncAPI 2.0] Invalid Security Scheme Reference" classname="io.apicurio.datamodels.validation.ValidationTest" time="0.0"/>
  <testcase name="[AsyncAPI 2.0] Security Scheme Scopes Only in 3.0" classname="io.apicurio.datamodels.validation.ValidationTest" time="0.006"/>
  <testcase name="[AsyncAPI 2.0] OAuth Flow Available Scopes Only in 3.0" classname="io.apicurio.datamodels.validation.ValidationTest" time="0.0"/>
  <testcase name="[AsyncAPI 3.0] OAuth Flow Scopes Only in 2.x" classname="io.apicurio.datamodels.validation.ValidationTest" time="0.001"/>
  <testcase name="[AsyncAPI 3.0] Server Structure Changed in 3.0" classname="io.apicurio.datamodels.validation.ValidationTest" time="0.0"/>
  <testcase name="[AsyncAPI 3.0] Invalid Tag Reference" classname="io.apicurio.datamodels.validation.ValidationTest" time="0.0"/>
  <testcase name="[AsyncAPI 3.0] Invalid External Documentation Reference" classname="io.apicurio.datamodels.validation.ValidationTest" time="0.001"/>
  <testcase name="[AsyncAPI 3.0] Message No MessageId in 3.0" classname="io.apicurio.datamodels.validation.ValidationTest" time="0.0"/>
  <testcase name="[AsyncAPI 3.0] Message Trait No MessageId in 3.0" classname="io.apicurio.datamodels.validation.ValidationTest" time="0.0"/>
  <testcase name="[AsyncAPI 3.0] Missing Schema Definition" classname="io.apicurio.datamodels.validation.ValidationTest" time="0.001"/>
  <testcase name="[AsyncAPI 3.0] Invalid Multi-Format Schema Reference" classname="io.apicurio.datamodels.validation.ValidationTest" time="0.0"/>
  <testcase name="[AsyncAPI 3.0] Invalid Component Key Name" classname="io.apicurio.datamodels.validation.ValidationTest" time="0.001"/>
  <testcase name="[AsyncAPI 2.4] Invalid Server Variable Reference" classname="io.apicurio.datamodels.validation.ValidationTest" time="0.001"/>
  <testcase name="[AsyncAPI 2.0] Server Variable Referenceable Only in 2.4+" classname="io.apicurio.datamodels.validation.ValidationTest" time="0.0"/>
  <testcase name="[AsyncAPI 2.0] Message Trait MessageId in 2.4-2.6" classname="io.apicurio.datamodels.validation.ValidationTest" time="0.001"/>
  <testcase name="[AsyncAPI 2.0] Message MessageId Only in 2.4-2.6" classname="io.apicurio.datamodels.validation.ValidationTest" time="0.0"/>
  <testcase name="[AsyncAPI 2.0] Operation ID Uniqueness" classname="io.apicurio.datamodels.validation.ValidationTest" time="0.001"/>
  <testcase name="[AsyncAPI 2.0] Invalid Component Key Name" classname="io.apicurio.datamodels.validation.ValidationTest" time="0.0"/>
  <testcase name="[OpenAPI 2.0] Document [Invalid Property Format]" classname="io.apicurio.datamodels.validation.ValidationTest" time="0.002"/>
  <testcase name="[OpenAPI 2.0] Document [Required Properties]" classname="io.apicurio.datamodels.validation.ValidationTest" time="0.001"/>
  <testcase name="[OpenAPI 2.0] Info [Invalid Property Value]" classname="io.apicurio.datamodels.validation.ValidationTest" time="0.0"/>
  <testcase name="[OpenAPI 2.0] Info [Required Properties]" classname="io.apicurio.datamodels.validation.ValidationTest" time="0.001"/>
  <testcase name="[OpenAPI 2.0] Invalid Property Name" classname="io.apicurio.datamodels.validation.ValidationTest" time="0.008"/>
  <testcase name="[OpenAPI 2.0] Invalid Scope Name" classname="io.apicurio.datamodels.validation.ValidationTest" time="0.001"/>
  <testcase name="[OpenAPI 2.0] Invalid Reference [All]" classname="io.apicurio.datamodels.validation.ValidationTest" time="0.006"/>
  <testcase name="[OpenAPI 2.0] Mutually Exclusive [All]" classname="io.apicurio.datamodels.validation.ValidationTest" time="0.004"/>
  <testcase name="[OpenAPI 2.0] Operation ID" classname="io.apicurio.datamodels.validation.ValidationTest" time="0.001"/>
  <testcase name="[OpenAPI 2.0] Pet Store [Extra Properties]" classname="io.apicurio.datamodels.validation.ValidationTest" time="0.004"/>
  <testcase name="[OpenAPI 2.0] Security Scheme [Invalid Property Format]" classname="io.apicurio.datamodels.validation.ValidationTest" time="0.001"/>
  <testcase name="[OpenAPI 2.0] Security Scheme [Required Properties]" classname="io.apicurio.datamodels.validation.ValidationTest" time="0.004"/>
  <testcase name="[OpenAPI 2.0] Uniqueness [All]" classname="io.apicurio.datamodels.validation.ValidationTest" time="0.003"/>
  <testcase name="[OpenAPI 2.0] Valid Pet Store Document" classname="io.apicurio.datamodels.validation.ValidationTest" time="0.003"/>
  <testcase name="[OpenAPI 2.0] Identical Path Template" classname="io.apicurio.datamodels.validation.ValidationTest" time="0.001"/>
  <testcase name="[OpenAPI 2.0] Security Requirement Uniqueness" classname="io.apicurio.datamodels.validation.ValidationTest" time="0.001"/>
  <testcase name="[OpenAPI 2.0] Japanese Characters" classname="io.apicurio.datamodels.validation.ValidationTest" time="0.001"/>
  <testcase name="[OpenAPI 3.0] Ignored Property Name" classname="io.apicurio.datamodels.validation.ValidationTest" time="0.004"/>
  <testcase name="[OpenAPI 3.0] Document [Invalid Property Format]" classname="io.apicurio.datamodels.validation.ValidationTest" time="0.001"/>
  <testcase name="[OpenAPI 3.0] Invalid Property Name" classname="io.apicurio.datamodels.validation.ValidationTest" time="0.006"/>
  <testcase name="[OpenAPI 3.0] Invalid Property Type" classname="io.apicurio.datamodels.validation.ValidationTest" time="0.001"/>
  <testcase name="[OpenAPI 3.0] Invalid Property Value" classname="io.apicurio.datamodels.validation.ValidationTest" time="0.006"/>
  <testcase name="[OpenAPI 3.0] Invalid Reference" classname="io.apicurio.datamodels.validation.ValidationTest" time="0.002"/>
  <testcase name="[OpenAPI 3.0] Mutually Exclusive" classname="io.apicurio.datamodels.validation.ValidationTest" time="0.001"/>
  <testcase name="[OpenAPI 3.0] Operation ID" classname="io.apicurio.datamodels.validation.ValidationTest" time="0.0"/>
  <testcase name="[OpenAPI 3.0] Required Property [Root]" classname="io.apicurio.datamodels.validation.ValidationTest" time="0.001"/>
  <testcase name="[OpenAPI 3.0] Required Property" classname="io.apicurio.datamodels.validation.ValidationTest" time="0.001"/>
  <testcase name="[OpenAPI 3.0] Uniqueness" classname="io.apicurio.datamodels.validation.ValidationTest" time="0.001"/>
  <testcase name="[OpenAPI 3.0] Unknown Properties" classname="io.apicurio.datamodels.validation.ValidationTest" time="0.001"/>
  <testcase name="[OpenAPI 3.0] Duplicate Path Params" classname="io.apicurio.datamodels.validation.ValidationTest" time="0.001"/>
  <testcase name="[OpenAPI 3.0] Valid Pet Store" classname="io.apicurio.datamodels.validation.ValidationTest" time="0.001"/>
  <testcase name="[OpenAPI 3.0] Operation Properties" classname="io.apicurio.datamodels.validation.ValidationTest" time="0.0"/>
  <testcase name="[OpenAPI 3.0] Data Type Reference" classname="io.apicurio.datamodels.validation.ValidationTest" time="0.001"/>
  <testcase name="[OpenAPI 3.0] OAuth Flow With Scopes" classname="io.apicurio.datamodels.validation.ValidationTest" time="0.001"/>
  <testcase name="[OpenAPI 3.0] Discriminator Base Schema" classname="io.apicurio.datamodels.validation.ValidationTest" time="0.0"/>
  <testcase name="[OpenAPI 3.1] Multi-typed Schema" classname="io.apicurio.datamodels.validation.ValidationTest" time="0.002"/>
  <testcase name="[OpenAPI 3.1] Issue 6612" classname="io.apicurio.datamodels.validation.ValidationTest" time="0.002"/>
  <testcase name="[OpenAPI 3.1] Security Requirements" classname="io.apicurio.datamodels.validation.ValidationTest" time="0.0"/>
  <testcase name="[OpenAPI 3.1] Discriminator Base Schema" classname="io.apicurio.datamodels.validation.ValidationTest" time="0.002"/>
  <testcase name="[OpenAPI 3.2] Example Mutual Exclusivity" classname="io.apicurio.datamodels.validation.ValidationTest" time="0.001"/>
  <testcase name="[OpenAPI 3.2] XML nodeType Validation" classname="io.apicurio.datamodels.validation.ValidationTest" time="0.0"/>
  <testcase name="[OpenAPI 3.2] Additional Operations Invalid Key" classname="io.apicurio.datamodels.validation.ValidationTest" time="0.001"/>
  <testcase name="[OpenAPI 3.2] Tag Parent Validation" classname="io.apicurio.datamodels.validation.ValidationTest" time="0.0"/>
  <testcase name="[OpenAPI 3.2] OAuth Device Authorization Flow" classname="io.apicurio.datamodels.validation.ValidationTest" time="0.001"/>
  <testcase name="[OpenAPI 3.2] Invalid URL Format" classname="io.apicurio.datamodels.validation.ValidationTest" time="0.0"/>
  <testcase name="[Issues] Issue 804" classname="io.apicurio.datamodels.validation.ValidationTest" time="0.001"/>
  <testcase name="[Issues] Issue 88" classname="io.apicurio.datamodels.validation.ValidationTest" time="0.001"/>
  <testcase name="[Issues] Issue 953 - Colon in path" classname="io.apicurio.datamodels.validation.ValidationTest" time="0.001"/>
  <testcase name="[Issues] Issue 953 - Colon in path after parameter" classname="io.apicurio.datamodels.validation.ValidationTest" time="0.002"/>
  <testcase name="[Issues] Issue 953 - RFC 3986 special characters" classname="io.apicurio.datamodels.validation.ValidationTest" time="0.001"/>
  <testcase name="[Issues] Issue 953 - Invalid paths still rejected" classname="io.apicurio.datamodels.validation.ValidationTest" time="0.001"/>
  <testcase name="[Issues] Issue 682 - Single example without examples (no NPE)" classname="io.apicurio.datamodels.validation.ValidationTest" time="0.001"/>
  <testcase name="[OpenRPC 1.3] Required Property [Root]" classname="io.apicurio.datamodels.validation.ValidationTest" time="0.0"/>
  <testcase name="[OpenRPC 1.3] Required Property" classname="io.apicurio.datamodels.validation.ValidationTest" time="0.001"/>
  <testcase name="[OpenRPC 1.3] Invalid OpenRPC Version Format" classname="io.apicurio.datamodels.validation.ValidationTest" time="0.0"/>
  <testcase name="[OpenRPC 1.3] Invalid Property Format" classname="io.apicurio.datamodels.validation.ValidationTest" time="0.0"/>
  <testcase name="[OpenRPC 1.3] Invalid Param Structure" classname="io.apicurio.datamodels.validation.ValidationTest" time="0.001"/>
  <testcase name="[OpenRPC 1.3] Duplicate Method Name" classname="io.apicurio.datamodels.validation.ValidationTest" time="0.0"/>
  <testcase name="[OpenRPC 1.3] Valid Petstore" classname="io.apicurio.datamodels.validation.ValidationTest" time="0.0"/>
</testsuite>